build/app/intermediates/manifest_merge_blame_file/release/manifest-merger-blame-release-report.txt
1<?xml version="1.0" encoding="utf-8"?>
2<manifest xmlns:android="http://schemas.android.com/apk/res/android"
3    package="com.example.flutter_orion"
4    android:versionCode="5"
5    android:versionName="1.0.4" >
6
7    <uses-sdk
8        android:minSdkVersion="16"
8-->src/main/AndroidManifest.xml
9        android:targetSdkVersion="30" />
9-->src/main/AndroidManifest.xml
10
11    <uses-permission android:name="android.permission.QUERY_ALL_PACKAGES" />
11-->src/main/AndroidManifest.xml:3:5-76
11-->src/main/AndroidManifest.xml:3:22-74
12
13    <queries>
13-->src/main/AndroidManifest.xml:4:5-25:11
14
15        <!-- If your app opens https URLs -->
16        <intent>
16-->src/main/AndroidManifest.xml:6:3-9:12
17            <action android:name="android.intent.action.VIEW" />
17-->src/main/AndroidManifest.xml:7:5-57
17-->src/main/AndroidManifest.xml:7:13-54
18
19            <data android:scheme="https" />
19-->src/main/AndroidManifest.xml:8:5-36
19-->src/main/AndroidManifest.xml:8:11-33
20        </intent>
21        <!-- If your app makes calls -->
22        <intent>
22-->src/main/AndroidManifest.xml:11:3-14:12
23            <action android:name="android.intent.action.DIAL" />
23-->src/main/AndroidManifest.xml:12:5-57
23-->src/main/AndroidManifest.xml:12:13-54
24
25            <data android:scheme="tel" />
25-->src/main/AndroidManifest.xml:8:5-36
25-->src/main/AndroidManifest.xml:8:11-33
26        </intent>
27        <!-- If your sends SMS messages -->
28        <intent>
28-->src/main/AndroidManifest.xml:16:3-19:12
29            <action android:name="android.intent.action.SENDTO" />
29-->src/main/AndroidManifest.xml:17:5-59
29-->src/main/AndroidManifest.xml:17:13-56
30
31            <data android:scheme="smsto" />
31-->src/main/AndroidManifest.xml:8:5-36
31-->src/main/AndroidManifest.xml:8:11-33
32        </intent>
33        <!-- If your app sends emails -->
34        <intent>
34-->src/main/AndroidManifest.xml:21:3-24:12
35            <action android:name="android.intent.action.SEND" />
35-->src/main/AndroidManifest.xml:22:5-57
35-->src/main/AndroidManifest.xml:22:13-54
36
37            <data android:mimeType="*/*" />
37-->src/main/AndroidManifest.xml:8:5-36
37-->src/main/AndroidManifest.xml:23:11-33
38        </intent>
39    </queries>
40    <!-- Include required permissions for Google Maps API to run. -->
41    <uses-permission android:name="android.permission.ACCESS_NETWORK_STATE" />
41-->[com.google.android.gms:play-services-maps:17.0.0] AndroidManifest.xml:23:5-79
41-->[com.google.android.gms:play-services-maps:17.0.0] AndroidManifest.xml:23:22-76
42    <uses-permission android:name="android.permission.INTERNET" />
42-->[com.google.android.gms:play-services-maps:17.0.0] AndroidManifest.xml:24:5-67
42-->[com.google.android.gms:play-services-maps:17.0.0] AndroidManifest.xml:24:22-64
43
44    <uses-feature
44-->[com.google.android.gms:play-services-maps:17.0.0] AndroidManifest.xml:26:5-28:35
45        android:glEsVersion="0x00020000"
45-->[com.google.android.gms:play-services-maps:17.0.0] AndroidManifest.xml:27:9-41
46        android:required="true" />
46-->[com.google.android.gms:play-services-maps:17.0.0] AndroidManifest.xml:28:9-32
47
48    <application
48-->src/main/AndroidManifest.xml:26:4-63:19
49        android:appComponentFactory="androidx.core.app.CoreComponentFactory"
49-->[androidx.core:core:1.3.1] AndroidManifest.xml:24:18-86
50        android:icon="@mipmap/launcher_icon"
50-->src/main/AndroidManifest.xml:28:9-45
51        android:label="Orion" >
51-->src/main/AndroidManifest.xml:27:9-30
52        <activity
52-->src/main/AndroidManifest.xml:29:9-57:20
53            android:name="com.example.flutter_orion.MainActivity"
53-->src/main/AndroidManifest.xml:30:13-41
54            android:configChanges="orientation|keyboardHidden|keyboard|screenSize|smallestScreenSize|locale|layoutDirection|fontScale|screenLayout|density|uiMode"
54-->src/main/AndroidManifest.xml:33:13-163
55            android:hardwareAccelerated="true"
55-->src/main/AndroidManifest.xml:34:13-47
56            android:launchMode="singleTop"
56-->src/main/AndroidManifest.xml:31:13-43
57            android:theme="@style/LaunchTheme"
57-->src/main/AndroidManifest.xml:32:13-47
58            android:windowSoftInputMode="adjustResize" >
58-->src/main/AndroidManifest.xml:35:13-55
59
60            <!--
61                 Specifies an Android theme to apply to this Activity as soon as
62                 the Android process has started. This theme is visible to the user
63                 while the Flutter UI initializes. After that, this theme continues
64                 to determine the Window background behind the Flutter UI.
65            -->
66            <meta-data
66-->src/main/AndroidManifest.xml:40:13-43:17
67                android:name="io.flutter.embedding.android.NormalTheme"
67-->src/main/AndroidManifest.xml:41:15-70
68                android:resource="@style/NormalTheme" />
68-->src/main/AndroidManifest.xml:42:15-52
69            <!--
70                 Displays an Android View that continues showing the launch screen
71                 Drawable until Flutter paints its first frame, then this splash
72                 screen fades out. A splash screen is useful to avoid any visual
73                 gap between the end of Android's launch screen and the painting of
74                 Flutter's first frame.
75            -->
76            <meta-data
76-->src/main/AndroidManifest.xml:49:13-52:17
77                android:name="io.flutter.embedding.android.SplashScreenDrawable"
77-->src/main/AndroidManifest.xml:50:15-79
78                android:resource="@drawable/launch_background" />
78-->src/main/AndroidManifest.xml:51:15-61
79
80            <intent-filter>
80-->src/main/AndroidManifest.xml:53:13-56:29
81                <action android:name="android.intent.action.MAIN" />
81-->src/main/AndroidManifest.xml:54:17-68
81-->src/main/AndroidManifest.xml:54:25-66
82
83                <category android:name="android.intent.category.LAUNCHER" />
83-->src/main/AndroidManifest.xml:55:17-76
83-->src/main/AndroidManifest.xml:55:27-74
84            </intent-filter>
85        </activity>
86        <!--
87             Don't delete the meta-data below.
88             This is used by the Flutter tool to generate GeneratedPluginRegistrant.java
89        -->
90        <meta-data
90-->src/main/AndroidManifest.xml:60:9-62:33
91            android:name="flutterEmbedding"
91-->src/main/AndroidManifest.xml:61:13-44
92            android:value="2" />
92-->src/main/AndroidManifest.xml:62:13-30
93
94        <activity
94-->[:url_launcher] AndroidManifest.xml:8:9-11:74
95            android:name="io.flutter.plugins.urllauncher.WebViewActivity"
95-->[:url_launcher] AndroidManifest.xml:9:13-74
96            android:exported="false"
96-->[:url_launcher] AndroidManifest.xml:10:13-37
97            android:theme="@android:style/Theme.NoTitleBar.Fullscreen" />
97-->[:url_launcher] AndroidManifest.xml:11:13-71
98
99        <provider
99-->[:share] AndroidManifest.xml:8:9-16:20
100            android:name="io.flutter.plugins.share.ShareFileProvider"
100-->[:share] AndroidManifest.xml:9:13-70
101            android:authorities="com.example.flutter_orion.flutter.share_provider"
101-->[:share] AndroidManifest.xml:10:13-74
102            android:exported="false"
102-->[:share] AndroidManifest.xml:11:13-37
103            android:grantUriPermissions="true" >
103-->[:share] AndroidManifest.xml:12:13-47
104            <meta-data
104-->[:share] AndroidManifest.xml:13:13-15:68
105                android:name="android.support.FILE_PROVIDER_PATHS"
105-->[:share] AndroidManifest.xml:14:17-67
106                android:resource="@xml/flutter_share_file_paths" />
106-->[:share] AndroidManifest.xml:15:17-65
107        </provider> <!-- Needs to be explicitly declared on P+ -->
108        <uses-library
108-->[com.google.android.gms:play-services-maps:17.0.0] AndroidManifest.xml:33:9-35:40
109            android:name="org.apache.http.legacy"
109-->[com.google.android.gms:play-services-maps:17.0.0] AndroidManifest.xml:34:13-50
110            android:required="false" />
110-->[com.google.android.gms:play-services-maps:17.0.0] AndroidManifest.xml:35:13-37
111
112        <activity
112-->[com.google.android.gms:play-services-base:17.0.0] AndroidManifest.xml:23:9-26:75
113            android:name="com.google.android.gms.common.api.GoogleApiActivity"
113-->[com.google.android.gms:play-services-base:17.0.0] AndroidManifest.xml:24:13-79
114            android:exported="false"
114-->[com.google.android.gms:play-services-base:17.0.0] AndroidManifest.xml:25:13-37
115            android:theme="@android:style/Theme.Translucent.NoTitleBar" />
115-->[com.google.android.gms:play-services-base:17.0.0] AndroidManifest.xml:26:13-72
116
117        <meta-data
117-->[com.google.android.gms:play-services-basement:17.0.0] AndroidManifest.xml:23:9-25:69
118            android:name="com.google.android.gms.version"
118-->[com.google.android.gms:play-services-basement:17.0.0] AndroidManifest.xml:24:13-58
119            android:value="@integer/google_play_services_version" />
119-->[com.google.android.gms:play-services-basement:17.0.0] AndroidManifest.xml:25:13-66
120    </application>
121
122</manifest>